c:\users\user\desktop\c\hw2\hw2\debug\vc141.pdb
c:\users\user\desktop\c\hw2\hw2\debug\vc141.idb
c:\users\user\desktop\c\hw2\hw2\debug\utils.obj
c:\users\user\desktop\c\hw2\hw2\debug\plane.obj
c:\users\user\desktop\c\hw2\hw2\debug\menumethods.obj
c:\users\user\desktop\c\hw2\hw2\debug\main.obj
c:\users\user\desktop\c\hw2\hw2\debug\flight.obj
c:\users\user\desktop\c\hw2\hw2\debug\date.obj
c:\users\user\desktop\c\hw2\hw2\debug\airportmanager.obj
c:\users\user\desktop\c\hw2\hw2\debug\airport.obj
c:\users\user\desktop\c\hw2\hw2\debug\airline.obj
c:\users\user\desktop\c\hw2\hw2\debug\address.obj
c:\users\user\desktop\c\hw2\debug\hw2.exe
c:\users\user\desktop\c\hw2\debug\hw2.ilk
c:\users\user\desktop\c\hw2\debug\hw2.pdb
c:\users\user\desktop\c\hw2\hw2\debug\hw2.tlog\cl.command.1.tlog
c:\users\user\desktop\c\hw2\hw2\debug\hw2.tlog\cl.read.1.tlog
c:\users\user\desktop\c\hw2\hw2\debug\hw2.tlog\cl.write.1.tlog
c:\users\user\desktop\c\hw2\hw2\debug\hw2.tlog\link.command.1.tlog
c:\users\user\desktop\c\hw2\hw2\debug\hw2.tlog\link.read.1.tlog
c:\users\user\desktop\c\hw2\hw2\debug\hw2.tlog\link.write.1.tlog
